{"content": {"suites": {"0": {"status": {"total_pass": 0, "total_skip": 0, "total_xpass": 0, "total_xfail": 0, "total_rerun": 0, "total_fail": 5, "total_error": 0}, "tests": {"0": {"status": "FAIL", "message": "   selenium.common.exceptions.TimeoutException: Message: \n   Stacktrace:\n   Symbols not available. Dumping unresolved backtrace:\n   \t0xf94103\n   \t0xf94144\n   \t0xd9e71d\n   \t0xdea03d\n   \t0xdea41b\n   \t0xe317f2\n   \t0xe0c954\n   \t0xe2ee17\n   \t0xe0c706\n   \t0xddda30\n   \t0xdded54\n   \t0x12057b4\n   \t0x120098a\n   \t0xfbc392\n   \t0xfac4c8\n   \t0xfb324d\n   \t0xf9c478\n   \t0xf9c63c\n   \t0xf867ca\n   \t0x759f5d49\n   \t0x7701d6db\n   \t0x7701d661\n", "test_name": "test_login_001", "rerun": "0"}, "1": {"status": "FAIL", "message": "   selenium.common.exceptions.TimeoutException: Message: \n   Stacktrace:\n   Symbols not available. Dumping unresolved backtrace:\n   \t0xf94103\n   \t0xf94144\n   \t0xd9e71d\n   \t0xdea03d\n   \t0xdea41b\n   \t0xe317f2\n   \t0xe0c954\n   \t0xe2ee17\n   \t0xe0c706\n   \t0xddda30\n   \t0xdded54\n   \t0x12057b4\n   \t0x120098a\n   \t0xfbc392\n   \t0xfac4c8\n   \t0xfb324d\n   \t0xf9c478\n   \t0xf9c63c\n   \t0xf867ca\n   \t0x759f5d49\n   \t0x7701d6db\n   \t0x7701d661\n", "test_name": "test_login_negative_002", "rerun": "0"}, "2": {"status": "FAIL", "message": "   Failed: Missing required validation. username_err='', password_err='' Screenshot: C:\\Users\\LENOVO\\PycharmProjects\\OrangeHRM\\screenshots\\negative_required_fields.png\n", "test_name": "test_login_negative_007", "rerun": "0"}, "3": {"status": "FAIL", "message": "   AssertionError: Login Branding is not displayed\n   assert False\n    +  where False = is_displayed_login_branding()\n    +    where is_displayed_login_branding = <pages.LoginPage.LoginPage object at 0x00000286C58A16E0>.is_displayed_login_branding\n", "test_name": "test_login_ui_elements_presence_008", "rerun": "0"}, "4": {"status": "FAIL", "message": "   selenium.common.exceptions.TimeoutException: Message: \n   Stacktrace:\n   Symbols not available. Dumping unresolved backtrace:\n   \t0xf94103\n   \t0xf94144\n   \t0xd9e71d\n   \t0xdea03d\n   \t0xdea41b\n   \t0xe317f2\n   \t0xe0c954\n   \t0xe2ee17\n   \t0xe0c706\n   \t0xddda30\n   \t0xdded54\n   \t0x12057b4\n   \t0x120098a\n   \t0xfbc392\n   \t0xfac4c8\n   \t0xfb324d\n   \t0xf9c478\n   \t0xf9c63c\n   \t0xf867ca\n   \t0x759f5d49\n   \t0x7701d6db\n   \t0x7701d661\n", "test_name": "test_login_forgot_password_009", "rerun": "0"}}, "suite_name": "testCases/test_login_page.py"}}}, "date": "December 19, 2025", "start_time": 1766124633.0910478, "total_suite": 1, "status": "FAIL", "status_list": {"pass": "0", "fail": "5", "skip": "0", "error": "0", "xpass": "0", "xfail": "0", "rerun": "0"}, "total_tests": "5"}