{"content": {"suites": {"0": {"status": {"total_pass": 0, "total_skip": 0, "total_xpass": 0, "total_xfail": 0, "total_rerun": 0, "total_fail": 1, "total_error": 0}, "tests": {"0": {"status": "FAIL", "message": "   selenium.common.exceptions.ElementNotInteractableException: Message: element not interactable\n     (Session info: chrome=142.0.7444.177)\n   Stacktrace:\n   Symbols not available. Dumping unresolved backtrace:\n   \t0x514103\n   \t0x514144\n   \t0x31e56b\n   \t0x36b27d\n   \t0x35fd65\n   \t0x38c90c\n   \t0x35f7c4\n   \t0x38cac4\n   \t0x3aee17\n   \t0x38c706\n   \t0x35da30\n   \t0x35ed54\n   \t0x7857b4\n   \t0x78098a\n   \t0x53c392\n   \t0x52c4c8\n   \t0x53324d\n   \t0x51c478\n   \t0x51c63c\n   \t0x5067ca\n   \t0x759f5d49\n   \t0x7701d6db\n   \t0x7701d661\n", "test_name": "test_apply_leave_010", "rerun": "0"}}, "suite_name": "testCases/TestLeavePage.py"}, "1": {"suite_name": "testCases/TestPimPage.py", "tests": {"0": {"status": "FAIL", "message": "   selenium.common.exceptions.TimeoutException: Message:\n", "test_name": "test_pim_add_employee_004", "rerun": "0"}}, "status": {"total_pass": 0, "total_skip": 0, "total_xpass": 0, "total_xfail": 0, "total_rerun": 0, "total_fail": 1, "total_error": 0}}}}, "date": "December 17, 2025", "start_time": 1765951087.8121922, "total_suite": 2, "status": "FAIL", "status_list": {"pass": "0", "fail": "2", "skip": "0", "error": "0", "xpass": "0", "xfail": "0", "rerun": "0"}, "total_tests": "2"}