{"content": {"suites": {"0": {"status": {"total_pass": 1, "total_skip": 0, "total_xpass": 0, "total_xfail": 0, "total_rerun": 0, "total_fail": 0, "total_error": 0}, "tests": {"0": {"status": "PASS", "message": "", "test_name": "test_dashboard_end_session_003", "rerun": "0"}}, "suite_name": "testCases/TestDashboardPage.py"}, "1": {"suite_name": "testCases/TestLeavePage.py", "tests": {"0": {"status": "PASS", "message": "", "test_name": "test_apply_leave_010", "rerun": "0"}, "1": {"status": "FAIL", "message": "   selenium.common.exceptions.TimeoutException: Message: \n   Stacktrace:\n   Symbols not available. Dumping unresolved backtrace:\n   \t0x994103\n   \t0x994144\n   \t0x79e71d\n   \t0x7ea03d\n   \t0x7ea41b\n   \t0x8317f2\n   \t0x80c954\n   \t0x82ee17\n   \t0x80c706\n   \t0x7dda30\n   \t0x7ded54\n   \t0xc057b4\n   \t0xc0098a\n   \t0x9bc392\n   \t0x9ac4c8\n   \t0x9b324d\n   \t0x99c478\n   \t0x99c63c\n   \t0x9867ca\n   \t0x759f5d49\n   \t0x7701d6db\n   \t0x7701d661\n       Failed: 'Successfully Saved' message not found. Screenshot: C:\\Users\\LENOVO\\PycharmProjects\\OrangeHRM\\screenshots\\Assignleave_apply_010.png\n", "test_name": "test_assign_leave_011", "rerun": "0"}}, "status": {"total_pass": 1, "total_skip": 0, "total_xpass": 0, "total_xfail": 0, "total_rerun": 0, "total_fail": 1, "total_error": 0}}, "2": {"suite_name": "testCases/TestLoginPage.py", "tests": {"0": {"status": "PASS", "message": "", "test_name": "test_login_001", "rerun": "0"}, "1": {"status": "PASS", "message": "", "test_name": "test_login_negative_002", "rerun": "0"}, "2": {"status": "PASS", "message": "", "test_name": "test_login_negative_007", "rerun": "0"}, "3": {"status": "PASS", "message": "", "test_name": "test_login_ui_elements_presence_008", "rerun": "0"}, "4": {"status": "PASS", "message": "", "test_name": "test_login_forgot_password_009", "rerun": "0"}}, "status": {"total_pass": 5, "total_skip": 0, "total_xpass": 0, "total_xfail": 0, "total_rerun": 0, "total_fail": 0, "total_error": 0}}, "3": {"suite_name": "testCases/TestPimContactDetailsPage.py", "tests": {"0": {"status": "PASS", "message": "", "test_name": "test_pim_contact_details_006", "rerun": "0"}}, "status": {"total_pass": 1, "total_skip": 0, "total_xpass": 0, "total_xfail": 0, "total_rerun": 0, "total_fail": 0, "total_error": 0}}, "4": {"suite_name": "testCases/TestPimPage.py", "tests": {"0": {"status": "PASS", "message": "", "test_name": "test_pim_add_employee_004", "rerun": "0"}, "1": {"status": "FAIL", "message": "   selenium.common.exceptions.TimeoutException: Message: \n   Stacktrace:\n   Symbols not available. Dumping unresolved backtrace:\n   \t0x994103\n   \t0x994144\n   \t0x79e71d\n   \t0x7ea03d\n   \t0x7ea41b\n   \t0x8317f2\n   \t0x80c954\n   \t0x82ee17\n   \t0x80c706\n   \t0x7dda30\n   \t0x7ded54\n   \t0xc057b4\n   \t0xc0098a\n   \t0x9bc392\n   \t0x9ac4c8\n   \t0x9b324d\n   \t0x99c478\n   \t0x99c63c\n   \t0x9867ca\n   \t0x759f5d49\n   \t0x7701d6db\n   \t0x7701d661\n", "test_name": "test_add_attachments_012", "rerun": "0"}, "2": {"status": "FAIL", "message": "   selenium.common.exceptions.TimeoutException: Message: \n   Stacktrace:\n   Symbols not available. Dumping unresolved backtrace:\n   \t0x994103\n   \t0x994144\n   \t0x79e71d\n   \t0x7ea03d\n   \t0x7ea41b\n   \t0x8317f2\n   \t0x80c954\n   \t0x82ee17\n   \t0x80c706\n   \t0x7dda30\n   \t0x7ded54\n   \t0xc057b4\n   \t0xc0098a\n   \t0x9bc392\n   \t0x9ac4c8\n   \t0x9b324d\n   \t0x99c478\n   \t0x99c63c\n   \t0x9867ca\n   \t0x759f5d49\n   \t0x7701d6db\n   \t0x7701d661\n", "test_name": "test_add_attachments_negative_013", "rerun": "0"}, "3": {"status": "PASS", "message": "", "test_name": "test_employee_search_negative_015", "rerun": "0"}}, "status": {"total_pass": 2, "total_skip": 0, "total_xpass": 0, "total_xfail": 0, "total_rerun": 0, "total_fail": 2, "total_error": 0}}, "5": {"suite_name": "testCases/TestUpdateMyInfo.py", "tests": {"0": {"status": "PASS", "message": "", "test_name": "test_update_my_info_014", "rerun": "0"}}, "status": {"total_pass": 1, "total_skip": 0, "total_xpass": 0, "total_xfail": 0, "total_rerun": 0, "total_fail": 0, "total_error": 0}}}}, "date": "December 18, 2025", "start_time": 1766054161.2435515, "total_suite": 6, "status": "FAIL", "status_list": {"pass": "11", "fail": "3", "skip": "0", "error": "0", "xpass": "0", "xfail": "0", "rerun": "0"}, "total_tests": "14"}