{"content": {"suites": {"0": {"status": {"total_pass": 0, "total_skip": 0, "total_xpass": 0, "total_xfail": 0, "total_rerun": 0, "total_fail": 1, "total_error": 0}, "tests": {"0": {"status": "FAIL", "message": "   selenium.common.exceptions.ElementNotInteractableException: Message: element not interactable\n     (Session info: chrome=142.0.7444.177)\n   Stacktrace:\n   Symbols not available. Dumping unresolved backtrace:\n   \t0xc54103\n   \t0xc54144\n   \t0xa5e56b\n   \t0xaab27d\n   \t0xa9fd65\n   \t0xacc90c\n   \t0xa9f7c4\n   \t0xaccac4\n   \t0xaeee17\n   \t0xacc706\n   \t0xa9da30\n   \t0xa9ed54\n   \t0xec57b4\n   \t0xec098a\n   \t0xc7c392\n   \t0xc6c4c8\n   \t0xc7324d\n   \t0xc5c478\n   \t0xc5c63c\n   \t0xc467ca\n   \t0x759f5d49\n   \t0x7701d6db\n   \t0x7701d661\n", "test_name": "test_assign_leave_011", "rerun": "0"}}, "suite_name": "testCases/TestLeavePage.py"}, "1": {"suite_name": "testCases/TestPimPage.py", "tests": {"0": {"status": "FAIL", "message": "   selenium.common.exceptions.TimeoutException: Message:\n", "test_name": "test_add_attachments_012", "rerun": "0"}}, "status": {"total_pass": 0, "total_skip": 0, "total_xpass": 0, "total_xfail": 0, "total_rerun": 0, "total_fail": 1, "total_error": 0}}}}, "date": "December 17, 2025", "start_time": 1765951087.763644, "total_suite": 2, "status": "FAIL", "status_list": {"pass": "0", "fail": "2", "skip": "0", "error": "0", "xpass": "0", "xfail": "0", "rerun": "0"}, "total_tests": "2"}