{"content": {"suites": {"0": {"status": {"total_pass": 0, "total_skip": 0, "total_xpass": 0, "total_xfail": 0, "total_rerun": 0, "total_fail": 1, "total_error": 0}, "tests": {"0": {"status": "FAIL", "message": "   selenium.common.exceptions.TimeoutException: Message: \n   Stacktrace:\n   Symbols not available. Dumping unresolved backtrace:\n   \t0xbc4103\n   \t0xbc4144\n   \t0x9ce71d\n   \t0xa1a03d\n   \t0xa1a41b\n   \t0xa617f2\n   \t0xa3c954\n   \t0xa5ee17\n   \t0xa3c706\n   \t0xa0da30\n   \t0xa0ed54\n   \t0xe357b4\n   \t0xe3098a\n   \t0xbec392\n   \t0xbdc4c8\n   \t0xbe324d\n   \t0xbcc478\n   \t0xbcc63c\n   \t0xbb67ca\n   \t0x759f5d49\n   \t0x7701d6db\n   \t0x7701d661\n", "test_name": "test_dashboard_end_session_003", "rerun": "0"}}, "suite_name": "testCases/TestDashboardPage.py"}, "1": {"suite_name": "testCases/TestLeavePage.py", "tests": {"0": {"status": "FAIL", "message": "   selenium.common.exceptions.NoSuchElementException: Message: no such element: Unable to locate element: {\"method\":\"xpath\",\"selector\":\"//li/a/span[contains(normalize-space(),'Leave')]/parent::a\"}\n     (Session info: chrome=142.0.7444.177); For documentation on this error, please visit: https://www.selenium.dev/documentation/webdriver/troubleshooting/errors#no-such-element-exception\n   Stacktrace:\n   Symbols not available. Dumping unresolved backtrace:\n   \t0xbc4103\n   \t0xbc4144\n   \t0x9ce71d\n   \t0xa1a03d\n   \t0xa1a41b\n   \t0xa617f2\n   \t0xa3c954\n   \t0xa5ee17\n   \t0xa3c706\n   \t0xa0da30\n   \t0xa0ed54\n   \t0xe357b4\n   \t0xe3098a\n   \t0xbec392\n   \t0xbdc4c8\n   \t0xbe324d\n   \t0xbcc478\n   \t0xbcc63c\n   \t0xbb67ca\n   \t0x759f5d49\n   \t0x7701d6db\n   \t0x7701d661\n", "test_name": "test_apply_leave_010", "rerun": "0"}, "1": {"status": "FAIL", "message": "   selenium.common.exceptions.NoSuchElementException: Message: no such element: Unable to locate element: {\"method\":\"xpath\",\"selector\":\"//li/a/span[contains(normalize-space(),'Leave')]/parent::a\"}\n     (Session info: chrome=142.0.7444.177); For documentation on this error, please visit: https://www.selenium.dev/documentation/webdriver/troubleshooting/errors#no-such-element-exception\n   Stacktrace:\n   Symbols not available. Dumping unresolved backtrace:\n   \t0xbc4103\n   \t0xbc4144\n   \t0x9ce71d\n   \t0xa1a03d\n   \t0xa1a41b\n   \t0xa617f2\n   \t0xa3c954\n   \t0xa5ee17\n   \t0xa3c706\n   \t0xa0da30\n   \t0xa0ed54\n   \t0xe357b4\n   \t0xe3098a\n   \t0xbec392\n   \t0xbdc4c8\n   \t0xbe324d\n   \t0xbcc478\n   \t0xbcc63c\n   \t0xbb67ca\n   \t0x759f5d49\n   \t0x7701d6db\n   \t0x7701d661\n", "test_name": "test_assign_leave_011", "rerun": "0"}}, "status": {"total_pass": 0, "total_skip": 0, "total_xpass": 0, "total_xfail": 0, "total_rerun": 0, "total_fail": 2, "total_error": 0}}, "2": {"suite_name": "testCases/TestLoginPage.py", "tests": {"0": {"status": "FAIL", "message": "   Failed: Landing heading didn't contain 'dashboard'. Found: '\u4eea\u8868\u76d8' Screenshot: C:\\Users\\LENOVO\\PycharmProjects\\OrangeHRM\\screenshots\\login_unexpected_heading.png\n", "test_name": "test_login_001", "rerun": "0"}, "1": {"status": "PASS", "message": "", "test_name": "test_login_negative_002", "rerun": "0"}, "2": {"status": "FAIL", "message": "   Failed: Missing required validation. username_err='\u9700\u8981', password_err='\u9700\u8981' Screenshot: C:\\Users\\LENOVO\\PycharmProjects\\OrangeHRM\\screenshots\\negative_required_fields.png\n", "test_name": "test_login_negative_007", "rerun": "0"}, "3": {"status": "FAIL", "message": "   AssertionError: Login Logo is not displayed\n   assert False\n    +  where False = is_displayed_login_logo()\n    +    where is_displayed_login_logo = <pages.LoginPage.LoginPage object at 0x000001A8BACEFDF0>.is_displayed_login_logo\n", "test_name": "test_login_ui_elements_presence_008", "rerun": "0"}, "4": {"status": "PASS", "message": "", "test_name": "test_login_forgot_password_009", "rerun": "0"}}, "status": {"total_pass": 2, "total_skip": 0, "total_xpass": 0, "total_xfail": 0, "total_rerun": 0, "total_fail": 3, "total_error": 0}}, "3": {"suite_name": "testCases/TestPimContactDetailsPage.py", "tests": {"0": {"status": "FAIL", "message": "   selenium.common.exceptions.TimeoutException: Message:\n", "test_name": "test_pim_contact_details_006", "rerun": "0"}}, "status": {"total_pass": 0, "total_skip": 0, "total_xpass": 0, "total_xfail": 0, "total_rerun": 0, "total_fail": 1, "total_error": 0}}, "4": {"suite_name": "testCases/TestPimPage.py", "tests": {"0": {"status": "FAIL", "message": "   selenium.common.exceptions.TimeoutException: Message:\n", "test_name": "test_pim_add_employee_004", "rerun": "0"}, "1": {"status": "FAIL", "message": "   selenium.common.exceptions.TimeoutException: Message:\n", "test_name": "test_add_attachments_012", "rerun": "0"}, "2": {"status": "FAIL", "message": "   selenium.common.exceptions.TimeoutException: Message:\n", "test_name": "test_add_attachments_negative_013", "rerun": "0"}, "3": {"status": "FAIL", "message": "   selenium.common.exceptions.TimeoutException: Message:\n", "test_name": "test_employee_search_negative_015", "rerun": "0"}}, "status": {"total_pass": 0, "total_skip": 0, "total_xpass": 0, "total_xfail": 0, "total_rerun": 0, "total_fail": 4, "total_error": 0}}, "5": {"suite_name": "testCases/TestUpdateMyInfo.py", "tests": {"0": {"status": "FAIL", "message": "   selenium.common.exceptions.TimeoutException: Message:\n", "test_name": "test_update_my_info_014", "rerun": "0"}}, "status": {"total_pass": 0, "total_skip": 0, "total_xpass": 0, "total_xfail": 0, "total_rerun": 0, "total_fail": 1, "total_error": 0}}}}, "date": "December 17, 2025", "start_time": 1765954344.9633322, "total_suite": 6, "status": "FAIL", "status_list": {"pass": "2", "fail": "12", "skip": "0", "error": "0", "xpass": "0", "xfail": "0", "rerun": "0"}, "total_tests": "14"}